Using pre-set license
Built from '2020.3/staging' branch; Version is '2020.3.8f1 (507919d4fff5) revision 5273881'; Using compiler version '192528614'; Build Type 'Release'
OS: 'Windows 10 Pro; OS build 19042.1110; Version 2009; 64bit' Language: 'pt' Physical Memory: 7879 MB
BatchMode: 1, IsHumanControllingUs: 0, StartBugReporterOnCrash: 0, Is64bit: 1, IsPro: 0

 COMMAND LINE ARGUMENTS:
C:\Program Files\Unity\Hub\Editor\2020.3.8f1\Editor\Unity.exe
-adb2
-batchMode
-noUpm
-name
AssetImportWorker0
-projectPath
D:/.Escola/COMGR/Projeto integrado/Integrated-Project-2/Game/Projeto integrado 2
-logFile
Logs/AssetImportWorker0.log
-srvPort
58737
Successfully changed project path to: D:/.Escola/COMGR/Projeto integrado/Integrated-Project-2/Game/Projeto integrado 2
D:/.Escola/COMGR/Projeto integrado/Integrated-Project-2/Game/Projeto integrado 2
Using Asset Import Pipeline V2.
Refreshing native plugins compatible for Editor in 67.38 ms, found 1 plugins.
Preloading 0 native plugins for Editor in 0.00 ms.
Initialize engine version: 2020.3.8f1 (507919d4fff5)
[Subsystems] Discovering subsystems at path C:/Program Files/Unity/Hub/Editor/2020.3.8f1/Editor/Data/Resources/UnitySubsystems
[Subsystems] Discovering subsystems at path D:/.Escola/COMGR/Projeto integrado/Integrated-Project-2/Game/Projeto integrado 2/Assets
GfxDevice: creating device client; threaded=0
Direct3D:
    Version:  Direct3D 11.0 [level 11.0]
    Renderer: Intel(R) HD Graphics (ID=0x152)
    Vendor:   
    VRAM:     224 MB
    Driver:   10.18.10.5161
Initialize mono
Mono path[0] = 'C:/Program Files/Unity/Hub/Editor/2020.3.8f1/Editor/Data/Managed'
Mono path[1] = 'C:/Program Files/Unity/Hub/Editor/2020.3.8f1/Editor/Data/MonoBleedingEdge/lib/mono/unityjit'
Mono config path = 'C:/Program Files/Unity/Hub/Editor/2020.3.8f1/Editor/Data/MonoBleedingEdge/etc'
Using monoOptions --debugger-agent=transport=dt_socket,embedding=1,server=y,suspend=n,address=127.0.0.1:56552
Begin MonoManager ReloadAssembly
Registering precompiled unity dll's ...
Register platform support module: C:/Program Files/Unity/Hub/Editor/2020.3.8f1/Editor/Data/PlaybackEngines/WindowsStandaloneSupport/UnityEditor.WindowsStandalone.Extensions.dll
Registered in 0.004401 seconds.
Native extension for WindowsStandalone target not found
Refreshing native plugins compatible for Editor in 56.00 ms, found 1 plugins.
Preloading 0 native plugins for Editor in 0.00 ms.
Mono: successfully reloaded assembly
- Completed reload, in  1.977 seconds
Platform modules already initialized, skipping
Registering precompiled user dll's ...
Registered in 0.001862 seconds.
Begin MonoManager ReloadAssembly
Native extension for WindowsStandalone target not found
Refreshing native plugins compatible for Editor in 60.40 ms, found 1 plugins.
Preloading 0 native plugins for Editor in 0.00 ms.
Mono: successfully reloaded assembly
- Completed reload, in  2.119 seconds
Platform modules already initialized, skipping
========================================================================
Worker process is ready to serve import requests
Launched and connected shader compiler UnityShaderCompiler.exe after 0.18 seconds
Refreshing native plugins compatible for Editor in 0.68 ms, found 1 plugins.
Preloading 0 native plugins for Editor in 0.00 ms.
Unloading 1808 Unused Serialized files (Serialized files now loaded: 0)
System memory in use before: 85.4 MB.
System memory in use after: 85.5 MB.

Unloading 19 unused Assets to reduce memory usage. Loaded Objects now: 2255.
Total: 2.813800 ms (FindLiveObjects: 0.192400 ms CreateObjectMapping: 0.090000 ms MarkObjects: 2.440300 ms  DeleteObjects: 0.089100 ms)

========================================================================
Received Import Request.
  path: Assets/Scenes
  artifactKey: Guid(fcf35dd98b145114abb549542e00616d) Importer(815301076,1909f56bfc062723c751e8b465ee728b)
Start importing Assets/Scenes using Guid(fcf35dd98b145114abb549542e00616d) Importer(815301076,1909f56bfc062723c751e8b465ee728b)  -> (artifact id: '4f0157e09f8156806e3701e21d83fe3b') in 0.011243 seconds
  Import took 0.015664 seconds .

========================================================================
Received Import Request.
  Time since last request: 0.000296 seconds.
  path: Assets/Scenes/SampleScene.unity
  artifactKey: Guid(2cda990e2423bbf4892e6590ba056729) Importer(815301076,1909f56bfc062723c751e8b465ee728b)
Start importing Assets/Scenes/SampleScene.unity using Guid(2cda990e2423bbf4892e6590ba056729) Importer(815301076,1909f56bfc062723c751e8b465ee728b)  -> (artifact id: 'aa27944bdea339c97c39027c7eea529c') in 0.013367 seconds
  Import took 0.017105 seconds .

========================================================================
Received Import Request.
  Time since last request: 8.838650 seconds.
  path: Packages/com.unity.2d.animation/package.json
  artifactKey: Guid(9e83c20a8293f44ec8a375d3805f477d) Importer(815301076,1909f56bfc062723c751e8b465ee728b)
Start importing Packages/com.unity.2d.animation/package.json using Guid(9e83c20a8293f44ec8a375d3805f477d) Importer(815301076,1909f56bfc062723c751e8b465ee728b)  -> (artifact id: '3115b48e40e55f180cb1a4fe2fc5e8aa') in 0.052234 seconds
  Import took 0.058043 seconds .

========================================================================
Received Import Request.
  Time since last request: 0.493241 seconds.
  path: Packages/com.unity.2d.common/package.json
  artifactKey: Guid(68f1917ec3cac45b080c26153375c2bb) Importer(815301076,1909f56bfc062723c751e8b465ee728b)
Start importing Packages/com.unity.2d.common/package.json using Guid(68f1917ec3cac45b080c26153375c2bb) Importer(815301076,1909f56bfc062723c751e8b465ee728b)  -> (artifact id: 'bcdb1d9f21cd3ec447b7f1a49f5c4f7c') in 0.003791 seconds
  Import took 0.007585 seconds .

========================================================================
Received Import Request.
  Time since last request: 2.311905 seconds.
  path: Packages/com.unity.2d.animation/Editor/Unity.2D.Animation.Editor.asmdef
  artifactKey: Guid(7e93558c536f24149a3181fbe0a14523) Importer(815301076,1909f56bfc062723c751e8b465ee728b)
Start importing Packages/com.unity.2d.animation/Editor/Unity.2D.Animation.Editor.asmdef using Guid(7e93558c536f24149a3181fbe0a14523) Importer(815301076,1909f56bfc062723c751e8b465ee728b)  -> (artifact id: '226ae3b09d92cf2d26621cb9119ab407') in 0.009586 seconds
  Import took 0.017205 seconds .

========================================================================
Received Import Request.
  Time since last request: 3.892934 seconds.
  path: Packages/com.unity.2d.animation/Editor/Assets
  artifactKey: Guid(4cdf803ccba4203428cf760a394d701f) Importer(815301076,1909f56bfc062723c751e8b465ee728b)
Start importing Packages/com.unity.2d.animation/Editor/Assets using Guid(4cdf803ccba4203428cf760a394d701f) Importer(815301076,1909f56bfc062723c751e8b465ee728b)  -> (artifact id: '7174469e38e1210b98475fc54f48cc52') in 0.004158 seconds
  Import took 0.009222 seconds .

========================================================================
Received Import Request.
  Time since last request: 0.606645 seconds.
  path: Packages/com.unity.2d.animation/Editor/Assets/LayoutOverlay
  artifactKey: Guid(4817dc4ea8764f74298414d8ac0bb8d5) Importer(815301076,1909f56bfc062723c751e8b465ee728b)
Start importing Packages/com.unity.2d.animation/Editor/Assets/LayoutOverlay using Guid(4817dc4ea8764f74298414d8ac0bb8d5) Importer(815301076,1909f56bfc062723c751e8b465ee728b)  -> (artifact id: 'ca3719ca4a2858af81aa607e8e7b1d88') in 0.003482 seconds
  Import took 0.008446 seconds .

========================================================================
Received Import Request.
  Time since last request: 0.069862 seconds.
  path: Packages/com.unity.2d.animation/Editor/Assets/LayoutOverlay/LayoutOverlay.uxml
  artifactKey: Guid(46c8e0bde8bfa5a4eadb9b33d3543bcd) Importer(815301076,1909f56bfc062723c751e8b465ee728b)
Start importing Packages/com.unity.2d.animation/Editor/Assets/LayoutOverlay/LayoutOverlay.uxml using Guid(46c8e0bde8bfa5a4eadb9b33d3543bcd) Importer(815301076,1909f56bfc062723c751e8b465ee728b)  -> (artifact id: '3c1e0b31dc883cfc19a340e1312e5350') in 0.020810 seconds
  Import took 0.024341 seconds .

========================================================================
Received Import Request.
  Time since last request: 0.000338 seconds.
  path: Packages/com.unity.2d.animation/Editor/Assets/LayoutOverlay/LayoutOverlayStyle.uss
  artifactKey: Guid(4cb62f324c9e68643acade726b44b815) Importer(815301076,1909f56bfc062723c751e8b465ee728b)
Start importing Packages/com.unity.2d.animation/Editor/Assets/LayoutOverlay/LayoutOverlayStyle.uss using Guid(4cb62f324c9e68643acade726b44b815) Importer(815301076,1909f56bfc062723c751e8b465ee728b)  -> (artifact id: '9a703a2f4ad9edc75b69628b2a40a989') in 0.013780 seconds
  Import took 0.017570 seconds .

========================================================================
Received Import Request.
  Time since last request: 0.001071 seconds.
  path: Packages/com.unity.2d.animation/Editor/Assets/LayoutOverlay/ScrollableToolbar.uss
  artifactKey: Guid(f3a7eea6e0f5acb479ae4e70f8f25d95) Importer(815301076,1909f56bfc062723c751e8b465ee728b)
Start importing Packages/com.unity.2d.animation/Editor/Assets/LayoutOverlay/ScrollableToolbar.uss using Guid(f3a7eea6e0f5acb479ae4e70f8f25d95) Importer(815301076,1909f56bfc062723c751e8b465ee728b)  -> (artifact id: 'cdda8f41f1812098da1023fe2c86c2c2') in 0.005522 seconds
  Import took 0.010402 seconds .

========================================================================
Received Import Request.
  Time since last request: 5.468713 seconds.
  path: Packages/com.unity.2d.common/Tests
  artifactKey: Guid(e1b9d7367fd994e26a0a18b0461837b3) Importer(815301076,1909f56bfc062723c751e8b465ee728b)
Start importing Packages/com.unity.2d.common/Tests using Guid(e1b9d7367fd994e26a0a18b0461837b3) Importer(815301076,1909f56bfc062723c751e8b465ee728b)  -> (artifact id: '45bfc34991c9fe93aaeefc04fffeda50') in 0.003500 seconds
  Import took 0.008051 seconds .

========================================================================
Received Import Request.
  Time since last request: 1.507256 seconds.
  path: Packages/com.unity.2d.common/Tests/Editor
  artifactKey: Guid(2656f45e60a1c4b389f74073613dd37e) Importer(815301076,1909f56bfc062723c751e8b465ee728b)
Start importing Packages/com.unity.2d.common/Tests/Editor using Guid(2656f45e60a1c4b389f74073613dd37e) Importer(815301076,1909f56bfc062723c751e8b465ee728b)  -> (artifact id: 'eab7317c41d00f12226d521d16a41abb') in 0.004548 seconds
  Import took 0.010683 seconds .

========================================================================
Received Import Request.
  Time since last request: 0.079470 seconds.
  path: Packages/com.unity.2d.common/Tests/Editor/Unity.2D.Common.EditorTests.asmdef
  artifactKey: Guid(03bfc083748b8452197dde3b8ea7fbba) Importer(815301076,1909f56bfc062723c751e8b465ee728b)
Start importing Packages/com.unity.2d.common/Tests/Editor/Unity.2D.Common.EditorTests.asmdef using Guid(03bfc083748b8452197dde3b8ea7fbba) Importer(815301076,1909f56bfc062723c751e8b465ee728b)  -> (artifact id: '8d7061c08f2ae0af0b90c324d668ed26') in 0.003423 seconds
  Import took 0.007610 seconds .

========================================================================
Received Import Request.
  Time since last request: 4.459534 seconds.
  path: Packages/com.unity.2d.sprite/package.json
  artifactKey: Guid(7dc5f1e5d04ac8549ac21802071e983b) Importer(815301076,1909f56bfc062723c751e8b465ee728b)
Start importing Packages/com.unity.2d.sprite/package.json using Guid(7dc5f1e5d04ac8549ac21802071e983b) Importer(815301076,1909f56bfc062723c751e8b465ee728b)  -> (artifact id: 'ff87128bdf6981a9843158b29f26b2df') in 0.003654 seconds
  Import took 0.007746 seconds .

========================================================================
Received Import Request.
  Time since last request: 2.187026 seconds.
  path: Packages/com.unity.2d.sprite/Editor
  artifactKey: Guid(16fa2ad734f422245b86558310973ad1) Importer(815301076,1909f56bfc062723c751e8b465ee728b)
Start importing Packages/com.unity.2d.sprite/Editor using Guid(16fa2ad734f422245b86558310973ad1) Importer(815301076,1909f56bfc062723c751e8b465ee728b)  -> (artifact id: '9729fdc7d07b271ef5be2d84a579c6a2') in 0.003956 seconds
  Import took 0.008754 seconds .

========================================================================
Received Import Request.
  Time since last request: 0.149747 seconds.
  path: Packages/com.unity.2d.sprite/Editor/Unity.2D.Sprite.Editor.asmdef
  artifactKey: Guid(2c573e6b271651846a79655161004c5b) Importer(815301076,1909f56bfc062723c751e8b465ee728b)
Start importing Packages/com.unity.2d.sprite/Editor/Unity.2D.Sprite.Editor.asmdef using Guid(2c573e6b271651846a79655161004c5b) Importer(815301076,1909f56bfc062723c751e8b465ee728b)  -> (artifact id: '75d9bb45d92a02f508ba32d52934c281') in 0.003670 seconds
  Import took 0.007714 seconds .

========================================================================
Received Import Request.
  Time since last request: 3.042932 seconds.
  path: Packages/com.unity.2d.sprite/Tests
  artifactKey: Guid(7e2656e167a517b4d8552ba38f4b7bbe) Importer(815301076,1909f56bfc062723c751e8b465ee728b)
Start importing Packages/com.unity.2d.sprite/Tests using Guid(7e2656e167a517b4d8552ba38f4b7bbe) Importer(815301076,1909f56bfc062723c751e8b465ee728b)  -> (artifact id: 'e7c2fff4ccefa8c3c7b682e8bb96f3a8') in 0.006186 seconds
  Import took 0.013500 seconds .

========================================================================
Received Import Request.
  Time since last request: 0.001660 seconds.
  path: Packages/com.unity.2d.sprite/Tests
  artifactKey: Guid(7e2656e167a517b4d8552ba38f4b7bbe) Importer(815301076,1909f56bfc062723c751e8b465ee728b)
Start importing Packages/com.unity.2d.sprite/Tests using Guid(7e2656e167a517b4d8552ba38f4b7bbe) Importer(815301076,1909f56bfc062723c751e8b465ee728b)  -> (artifact id: 'e7c2fff4ccefa8c3c7b682e8bb96f3a8') in 0.003459 seconds
  Import took 0.007824 seconds .

========================================================================
Received Import Request.
  Time since last request: 0.665493 seconds.
  path: Packages/com.unity.2d.sprite/Tests/Editor
  artifactKey: Guid(dcc63292bf8cfd543b11bfdebe99cd02) Importer(815301076,1909f56bfc062723c751e8b465ee728b)
Start importing Packages/com.unity.2d.sprite/Tests/Editor using Guid(dcc63292bf8cfd543b11bfdebe99cd02) Importer(815301076,1909f56bfc062723c751e8b465ee728b)  -> (artifact id: 'bdce329cdc59d43f83003380ed963547') in 0.005016 seconds
  Import took 0.009269 seconds .

========================================================================
Received Import Request.
  Time since last request: 0.052486 seconds.
  path: Packages/com.unity.2d.sprite/Tests/Editor/Unity.2D.Sprite.Package.EditorTests.asmdef
  artifactKey: Guid(52648b72c7bef2040bf0cfa8dd0f74da) Importer(815301076,1909f56bfc062723c751e8b465ee728b)
Start importing Packages/com.unity.2d.sprite/Tests/Editor/Unity.2D.Sprite.Package.EditorTests.asmdef using Guid(52648b72c7bef2040bf0cfa8dd0f74da) Importer(815301076,1909f56bfc062723c751e8b465ee728b)  -> (artifact id: 'f7b6b6d56508a66025edd877d40dc5f8') in 0.003299 seconds
  Import took 0.007184 seconds .

========================================================================
Received Import Request.
  Time since last request: 5.285136 seconds.
  path: Packages/com.unity.2d.spriteshape/Editor/ObjectMenuCreation/DefaultAssets/Sprite Shapes/Closed Sprite Shape.prefab
  artifactKey: Guid(c0583b4e855c74b8c82e7b9b5efb5ce9) Importer(815301076,1909f56bfc062723c751e8b465ee728b)
Start importing Packages/com.unity.2d.spriteshape/Editor/ObjectMenuCreation/DefaultAssets/Sprite Shapes/Closed Sprite Shape.prefab using Guid(c0583b4e855c74b8c82e7b9b5efb5ce9) Importer(815301076,1909f56bfc062723c751e8b465ee728b)  -> (artifact id: '2cce7a24742fd5e8a8ab2da20c69032f') in 0.032966 seconds
  Import took 0.037455 seconds .

========================================================================
Received Import Request.
  Time since last request: 0.000329 seconds.
  path: Packages/com.unity.2d.spriteshape/Editor/ObjectMenuCreation/DefaultAssets/Sprite Shapes/Open Sprite Shape.prefab
  artifactKey: Guid(86ae7de409eb54f619fb1328e4d42480) Importer(815301076,1909f56bfc062723c751e8b465ee728b)
Start importing Packages/com.unity.2d.spriteshape/Editor/ObjectMenuCreation/DefaultAssets/Sprite Shapes/Open Sprite Shape.prefab using Guid(86ae7de409eb54f619fb1328e4d42480) Importer(815301076,1909f56bfc062723c751e8b465ee728b)  -> (artifact id: 'bdee885e51b9ccf0fcef3a7dbe274ecc') in 0.009288 seconds
  Import took 0.013890 seconds .

========================================================================
Received Import Request.
  Time since last request: 121.762441 seconds.
  path: Packages/com.unity.2d.animation
  artifactKey: Guid(bb5c94055a953b6081dfc49350569eb1) Importer(815301076,1909f56bfc062723c751e8b465ee728b)
Start importing Packages/com.unity.2d.animation using Guid(bb5c94055a953b6081dfc49350569eb1) Importer(815301076,1909f56bfc062723c751e8b465ee728b)  -> (artifact id: '09fa518512abe465e781a54efa05d46a') in 0.006296 seconds
  Import took 0.011621 seconds .

========================================================================
Received Import Request.
  Time since last request: 0.311202 seconds.
  path: Packages/com.unity.2d.common
  artifactKey: Guid(a5dcdac2498697dc1122d527a3e49621) Importer(815301076,1909f56bfc062723c751e8b465ee728b)
Start importing Packages/com.unity.2d.common using Guid(a5dcdac2498697dc1122d527a3e49621) Importer(815301076,1909f56bfc062723c751e8b465ee728b)  -> (artifact id: '14eb4a9124aed34dcc9f6aaaba9a635a') in 0.019426 seconds
  Import took 0.023763 seconds .

========================================================================
Received Import Request.
  Time since last request: 0.583770 seconds.
  path: Packages/com.unity.2d.path
  artifactKey: Guid(b408cb5710d3960a737996681ad0c300) Importer(815301076,1909f56bfc062723c751e8b465ee728b)
Start importing Packages/com.unity.2d.path using Guid(b408cb5710d3960a737996681ad0c300) Importer(815301076,1909f56bfc062723c751e8b465ee728b)  -> (artifact id: 'eab3aba49165f8247a4276832bd0928d') in 0.007734 seconds
  Import took 0.013395 seconds .

========================================================================
Received Import Request.
  Time since last request: 0.001555 seconds.
  path: Packages/com.unity.2d.path
  artifactKey: Guid(b408cb5710d3960a737996681ad0c300) Importer(815301076,1909f56bfc062723c751e8b465ee728b)
Start importing Packages/com.unity.2d.path using Guid(b408cb5710d3960a737996681ad0c300) Importer(815301076,1909f56bfc062723c751e8b465ee728b)  -> (artifact id: 'eab3aba49165f8247a4276832bd0928d') in 0.005603 seconds
  Import took 0.009484 seconds .

========================================================================
Received Import Request.
  Time since last request: 1.705266 seconds.
  path: Packages/com.unity.2d.path/package.json
  artifactKey: Guid(990785fe75c54584ab4201a3e20e1655) Importer(815301076,1909f56bfc062723c751e8b465ee728b)
Start importing Packages/com.unity.2d.path/package.json using Guid(990785fe75c54584ab4201a3e20e1655) Importer(815301076,1909f56bfc062723c751e8b465ee728b)  -> (artifact id: '4ca8886ada62910f72092da097ff3b32') in 0.005500 seconds
  Import took 0.009763 seconds .

========================================================================
Received Import Request.
  Time since last request: 0.959355 seconds.
  path: Packages/com.unity.2d.path/CHANGELOG.md
  artifactKey: Guid(c1b975030cb01fa4fb63b07dc5584b12) Importer(815301076,1909f56bfc062723c751e8b465ee728b)
Start importing Packages/com.unity.2d.path/CHANGELOG.md using Guid(c1b975030cb01fa4fb63b07dc5584b12) Importer(815301076,1909f56bfc062723c751e8b465ee728b)  -> (artifact id: '4f662259dc0efcb9cee4f6600fc1911c') in 0.012115 seconds
  Import took 0.016702 seconds .

========================================================================
Received Import Request.
  Time since last request: 0.758733 seconds.
  path: Packages/com.unity.2d.path/LICENSE.md
  artifactKey: Guid(c58d2241e3155534f8b33d65e5d22627) Importer(815301076,1909f56bfc062723c751e8b465ee728b)
Start importing Packages/com.unity.2d.path/LICENSE.md using Guid(c58d2241e3155534f8b33d65e5d22627) Importer(815301076,1909f56bfc062723c751e8b465ee728b)  -> (artifact id: '67c86938c284ae760a0ea38ad88301b8') in 0.007981 seconds
  Import took 0.011770 seconds .

========================================================================
Received Import Request.
  Time since last request: 0.740053 seconds.
  path: Packages/com.unity.2d.path/QAReport.md
  artifactKey: Guid(c80b5e4271e88c94284e7c000b34347e) Importer(815301076,1909f56bfc062723c751e8b465ee728b)
Start importing Packages/com.unity.2d.path/QAReport.md using Guid(c80b5e4271e88c94284e7c000b34347e) Importer(815301076,1909f56bfc062723c751e8b465ee728b)  -> (artifact id: 'a8f674f87dd1dcb172f247c3b1580ae6') in 0.007702 seconds
  Import took 0.012434 seconds .

========================================================================
Received Import Request.
  Time since last request: 1.127082 seconds.
  path: Packages/com.unity.2d.path/README.md
  artifactKey: Guid(309a434075c14ea4f9464daf8ff9b997) Importer(815301076,1909f56bfc062723c751e8b465ee728b)
Start importing Packages/com.unity.2d.path/README.md using Guid(309a434075c14ea4f9464daf8ff9b997) Importer(815301076,1909f56bfc062723c751e8b465ee728b)  -> (artifact id: 'b88f652425037a9461a73c6568542fa7') in 0.008872 seconds
  Import took 0.013468 seconds .

========================================================================
Received Import Request.
  Time since last request: 1.970566 seconds.
  path: Packages/com.unity.2d.path/Tests
  artifactKey: Guid(a1eb330a613ceea45af21585e08fd0bd) Importer(815301076,1909f56bfc062723c751e8b465ee728b)
Start importing Packages/com.unity.2d.path/Tests using Guid(a1eb330a613ceea45af21585e08fd0bd) Importer(815301076,1909f56bfc062723c751e8b465ee728b)  -> (artifact id: 'd3bdebf654378740f1fa28098cf1f106') in 0.008025 seconds
  Import took 0.014326 seconds .

========================================================================
Received Import Request.
  Time since last request: 0.000989 seconds.
  path: Packages/com.unity.2d.path/Tests
  artifactKey: Guid(a1eb330a613ceea45af21585e08fd0bd) Importer(815301076,1909f56bfc062723c751e8b465ee728b)
Start importing Packages/com.unity.2d.path/Tests using Guid(a1eb330a613ceea45af21585e08fd0bd) Importer(815301076,1909f56bfc062723c751e8b465ee728b)  -> (artifact id: 'd3bdebf654378740f1fa28098cf1f106') in 0.005455 seconds
  Import took 0.009852 seconds .

========================================================================
Received Import Request.
  Time since last request: 0.534628 seconds.
  path: Packages/com.unity.2d.path/Editor
  artifactKey: Guid(ebb15515f9c03364089baa7120b54453) Importer(815301076,1909f56bfc062723c751e8b465ee728b)
Start importing Packages/com.unity.2d.path/Editor using Guid(ebb15515f9c03364089baa7120b54453) Importer(815301076,1909f56bfc062723c751e8b465ee728b)  -> (artifact id: '826eda193e1cb00cb37cb8b35d208027') in 0.005384 seconds
  Import took 0.010860 seconds .

========================================================================
Received Import Request.
  Time since last request: 0.674296 seconds.
  path: Packages/com.unity.2d.path/Editor/Unity.2D.Path.Editor.asmdef
  artifactKey: Guid(4237adb6ac177124b8f4a94835b7b455) Importer(815301076,1909f56bfc062723c751e8b465ee728b)
Start importing Packages/com.unity.2d.path/Editor/Unity.2D.Path.Editor.asmdef using Guid(4237adb6ac177124b8f4a94835b7b455) Importer(815301076,1909f56bfc062723c751e8b465ee728b)  -> (artifact id: '0a15ac9b46b3076c060e3d74b80f3114') in 0.005593 seconds
  Import took 0.010110 seconds .

========================================================================
Received Import Request.
  Time since last request: 0.671997 seconds.
  path: Packages/com.unity.2d.path/Editor/EditablePath
  artifactKey: Guid(c69472069f4ff5e4b9db75c91210288f) Importer(815301076,1909f56bfc062723c751e8b465ee728b)
Start importing Packages/com.unity.2d.path/Editor/EditablePath using Guid(c69472069f4ff5e4b9db75c91210288f) Importer(815301076,1909f56bfc062723c751e8b465ee728b)  -> (artifact id: 'e969d1bcdac85698ac143a286ad3a185') in 0.009703 seconds
  Import took 0.014941 seconds .

========================================================================
Received Import Request.
  Time since last request: 0.000925 seconds.
  path: Packages/com.unity.2d.path/Editor/EditablePath
  artifactKey: Guid(c69472069f4ff5e4b9db75c91210288f) Importer(815301076,1909f56bfc062723c751e8b465ee728b)
Start importing Packages/com.unity.2d.path/Editor/EditablePath using Guid(c69472069f4ff5e4b9db75c91210288f) Importer(815301076,1909f56bfc062723c751e8b465ee728b)  -> (artifact id: 'e969d1bcdac85698ac143a286ad3a185') in 0.005415 seconds
  Import took 0.010331 seconds .

========================================================================
Received Import Request.
  Time since last request: 0.380592 seconds.
  path: Packages/com.unity.2d.path/Editor/EditorTool
  artifactKey: Guid(47fb61e2873922c4893faa7eff277f25) Importer(815301076,1909f56bfc062723c751e8b465ee728b)
Start importing Packages/com.unity.2d.path/Editor/EditorTool using Guid(47fb61e2873922c4893faa7eff277f25) Importer(815301076,1909f56bfc062723c751e8b465ee728b)  -> (artifact id: 'a42e5f952eccda1b1058111a47aae6ff') in 0.008154 seconds
  Import took 0.014600 seconds .

========================================================================
Received Import Request.
  Time since last request: 0.001090 seconds.
  path: Packages/com.unity.2d.path/Editor/EditorTool
  artifactKey: Guid(47fb61e2873922c4893faa7eff277f25) Importer(815301076,1909f56bfc062723c751e8b465ee728b)
Start importing Packages/com.unity.2d.path/Editor/EditorTool using Guid(47fb61e2873922c4893faa7eff277f25) Importer(815301076,1909f56bfc062723c751e8b465ee728b)  -> (artifact id: 'a42e5f952eccda1b1058111a47aae6ff') in 0.004344 seconds
  Import took 0.009048 seconds .

========================================================================
Received Import Request.
  Time since last request: 1.173944 seconds.
  path: Packages/com.unity.2d.path/Editor/EditorTool/GenericScriptablePath.cs
  artifactKey: Guid(91ab30a448166b74e99d488f537bfc67) Importer(815301076,1909f56bfc062723c751e8b465ee728b)
Start importing Packages/com.unity.2d.path/Editor/EditorTool/GenericScriptablePath.cs using Guid(91ab30a448166b74e99d488f537bfc67) Importer(815301076,1909f56bfc062723c751e8b465ee728b)  -> (artifact id: '36b947a38c07d5e0f8f7c95adbc6a968') in 0.063830 seconds
  Import took 0.068281 seconds .

========================================================================
Received Import Request.
  Time since last request: 0.815636 seconds.
  path: Packages/com.unity.2d.path/Editor/EditorTool/GenericScriptablePathInspector.cs
  artifactKey: Guid(d8d7f8780c69f9742b827ffd638225fb) Importer(815301076,1909f56bfc062723c751e8b465ee728b)
Start importing Packages/com.unity.2d.path/Editor/EditorTool/GenericScriptablePathInspector.cs using Guid(d8d7f8780c69f9742b827ffd638225fb) Importer(815301076,1909f56bfc062723c751e8b465ee728b)  -> (artifact id: 'fec96d280ac751c262ac7a65d8940ba9') in 0.006413 seconds
  Import took 0.012821 seconds .

========================================================================
Received Import Request.
  Time since last request: 0.714370 seconds.
  path: Packages/com.unity.2d.path/Editor/EditorTool/PathComponentEditor.cs
  artifactKey: Guid(79c3c0b6ebc836f438b76a34f04dd076) Importer(815301076,1909f56bfc062723c751e8b465ee728b)
Start importing Packages/com.unity.2d.path/Editor/EditorTool/PathComponentEditor.cs using Guid(79c3c0b6ebc836f438b76a34f04dd076) Importer(815301076,1909f56bfc062723c751e8b465ee728b)  -> (artifact id: '6c424fe69d6ba52a8cb679eff67aa993') in 0.006543 seconds
  Import took 0.011402 seconds .

========================================================================
Received Import Request.
  Time since last request: 1.418935 seconds.
  path: Packages/com.unity.2d.path/Editor/EditorTool/PathEditorToolExtensions.cs
  artifactKey: Guid(94a1e3e609709aa4f9106a9aeea179f7) Importer(815301076,1909f56bfc062723c751e8b465ee728b)
Start importing Packages/com.unity.2d.path/Editor/EditorTool/PathEditorToolExtensions.cs using Guid(94a1e3e609709aa4f9106a9aeea179f7) Importer(815301076,1909f56bfc062723c751e8b465ee728b)  -> (artifact id: '7f088f78257040142337d3f365350269') in 0.006018 seconds
  Import took 0.011156 seconds .

========================================================================
Received Import Request.
  Time since last request: 0.517289 seconds.
  path: Packages/com.unity.2d.path/Editor/EditorTool/PathEditorTool.cs
  artifactKey: Guid(320732be5a65ff84ea451c5bf9700876) Importer(815301076,1909f56bfc062723c751e8b465ee728b)
Start importing Packages/com.unity.2d.path/Editor/EditorTool/PathEditorTool.cs using Guid(320732be5a65ff84ea451c5bf9700876) Importer(815301076,1909f56bfc062723c751e8b465ee728b)  -> (artifact id: 'f45daf2f2b7f9ca70ed25123c1278dc5') in 0.006461 seconds
  Import took 0.010544 seconds .

========================================================================
Received Import Request.
  Time since last request: 3.114560 seconds.
  path: Packages/com.unity.2d.path/Editor/Handles
  artifactKey: Guid(ef3a2c79978afd74ebaa435c12615c7c) Importer(815301076,1909f56bfc062723c751e8b465ee728b)
Start importing Packages/com.unity.2d.path/Editor/Handles using Guid(ef3a2c79978afd74ebaa435c12615c7c) Importer(815301076,1909f56bfc062723c751e8b465ee728b)  -> (artifact id: '27b41a71f8c00cfa4e46552a028cb2ce') in 0.008256 seconds
  Import took 0.014254 seconds .

========================================================================
Received Import Request.
  Time since last request: 0.001060 seconds.
  path: Packages/com.unity.2d.path/Editor/Handles
  artifactKey: Guid(ef3a2c79978afd74ebaa435c12615c7c) Importer(815301076,1909f56bfc062723c751e8b465ee728b)
Start importing Packages/com.unity.2d.path/Editor/Handles using Guid(ef3a2c79978afd74ebaa435c12615c7c) Importer(815301076,1909f56bfc062723c751e8b465ee728b)  -> (artifact id: '27b41a71f8c00cfa4e46552a028cb2ce') in 0.004716 seconds
  Import took 0.009140 seconds .

========================================================================
Received Import Request.
  Time since last request: 0.382904 seconds.
  path: Packages/com.unity.2d.path/Editor/IMGUI
  artifactKey: Guid(66ae7362289f12c4d8da3f9f04cf4984) Importer(815301076,1909f56bfc062723c751e8b465ee728b)
Start importing Packages/com.unity.2d.path/Editor/IMGUI using Guid(66ae7362289f12c4d8da3f9f04cf4984) Importer(815301076,1909f56bfc062723c751e8b465ee728b)  -> (artifact id: '237bd04de518ec4b445e4c4e71da3b2a') in 0.007279 seconds
  Import took 0.012154 seconds .

========================================================================
Received Import Request.
  Time since last request: 0.001947 seconds.
  path: Packages/com.unity.2d.path/Editor/IMGUI
  artifactKey: Guid(66ae7362289f12c4d8da3f9f04cf4984) Importer(815301076,1909f56bfc062723c751e8b465ee728b)
Start importing Packages/com.unity.2d.path/Editor/IMGUI using Guid(66ae7362289f12c4d8da3f9f04cf4984) Importer(815301076,1909f56bfc062723c751e8b465ee728b)  -> (artifact id: '237bd04de518ec4b445e4c4e71da3b2a') in 0.005052 seconds
  Import took 0.009385 seconds .

========================================================================
Received Import Request.
  Time since last request: 0.600099 seconds.
  path: Packages/com.unity.2d.path/Editor/Selection
  artifactKey: Guid(e0614749a5c834c4eb996eeca8643b5e) Importer(815301076,1909f56bfc062723c751e8b465ee728b)
Start importing Packages/com.unity.2d.path/Editor/Selection using Guid(e0614749a5c834c4eb996eeca8643b5e) Importer(815301076,1909f56bfc062723c751e8b465ee728b)  -> (artifact id: 'e1c6157cb96760a324b152307fbf4204') in 0.006980 seconds
  Import took 0.012978 seconds .

========================================================================
Received Import Request.
  Time since last request: 0.001645 seconds.
  path: Packages/com.unity.2d.path/Editor/Selection
  artifactKey: Guid(e0614749a5c834c4eb996eeca8643b5e) Importer(815301076,1909f56bfc062723c751e8b465ee728b)
Start importing Packages/com.unity.2d.path/Editor/Selection using Guid(e0614749a5c834c4eb996eeca8643b5e) Importer(815301076,1909f56bfc062723c751e8b465ee728b)  -> (artifact id: 'e1c6157cb96760a324b152307fbf4204') in 0.005494 seconds
  Import took 0.009775 seconds .

========================================================================
Received Import Request.
  Time since last request: 0.311973 seconds.
  path: Packages/com.unity.2d.path/Editor/Shapes
  artifactKey: Guid(4334e2aedb1fa4848b2c1503ffe7578f) Importer(815301076,1909f56bfc062723c751e8b465ee728b)
Start importing Packages/com.unity.2d.path/Editor/Shapes using Guid(4334e2aedb1fa4848b2c1503ffe7578f) Importer(815301076,1909f56bfc062723c751e8b465ee728b)  -> (artifact id: '3eb0f0998174732804076a6292b34fd0') in 0.007165 seconds
  Import took 0.013150 seconds .

========================================================================
Received Import Request.
  Time since last request: 0.000404 seconds.
  path: Packages/com.unity.2d.path/Editor/Shapes
  artifactKey: Guid(4334e2aedb1fa4848b2c1503ffe7578f) Importer(815301076,1909f56bfc062723c751e8b465ee728b)
Start importing Packages/com.unity.2d.path/Editor/Shapes using Guid(4334e2aedb1fa4848b2c1503ffe7578f) Importer(815301076,1909f56bfc062723c751e8b465ee728b)  -> (artifact id: '3eb0f0998174732804076a6292b34fd0') in 0.004638 seconds
  Import took 0.011208 seconds .

========================================================================
Received Import Request.
  Time since last request: 0.728029 seconds.
  path: Packages/com.unity.2d.path/Editor/Shapes/Spline.cs
  artifactKey: Guid(03c61de02af9d914c9cc9dd9f1174223) Importer(815301076,1909f56bfc062723c751e8b465ee728b)
Start importing Packages/com.unity.2d.path/Editor/Shapes/Spline.cs using Guid(03c61de02af9d914c9cc9dd9f1174223) Importer(815301076,1909f56bfc062723c751e8b465ee728b)  -> (artifact id: '785afee82d8c494de3855e4e4be9336b') in 0.007260 seconds
  Import took 0.011476 seconds .

========================================================================
Received Import Request.
  Time since last request: 0.572306 seconds.
  path: Packages/com.unity.2d.path/Editor/Shapes/ShapeExtensions.cs
  artifactKey: Guid(3a27db178f5cab64491b34ed346797d8) Importer(815301076,1909f56bfc062723c751e8b465ee728b)
Start importing Packages/com.unity.2d.path/Editor/Shapes/ShapeExtensions.cs using Guid(3a27db178f5cab64491b34ed346797d8) Importer(815301076,1909f56bfc062723c751e8b465ee728b)  -> (artifact id: '169465a106f98af5143053dc9eaf6eb7') in 0.007765 seconds
  Import took 0.013319 seconds .

========================================================================
Received Import Request.
  Time since last request: 0.419167 seconds.
  path: Packages/com.unity.2d.path/Editor/Shapes/Polygon.cs
  artifactKey: Guid(ab23b6f3169984a4c87cbc3f7fe44ca6) Importer(815301076,1909f56bfc062723c751e8b465ee728b)
Start importing Packages/com.unity.2d.path/Editor/Shapes/Polygon.cs using Guid(ab23b6f3169984a4c87cbc3f7fe44ca6) Importer(815301076,1909f56bfc062723c751e8b465ee728b)  -> (artifact id: '4e04e912f113fbd6d4d142aa986f88ae') in 0.006838 seconds
  Import took 0.011835 seconds .

========================================================================
Received Import Request.
  Time since last request: 0.583652 seconds.
  path: Packages/com.unity.2d.path/Editor/Shapes/IShape.cs
  artifactKey: Guid(5a73e62a38f3eed47b8b72483a21b750) Importer(815301076,1909f56bfc062723c751e8b465ee728b)
Start importing Packages/com.unity.2d.path/Editor/Shapes/IShape.cs using Guid(5a73e62a38f3eed47b8b72483a21b750) Importer(815301076,1909f56bfc062723c751e8b465ee728b)  -> (artifact id: '910ac488ed15f5a1fa0a747b7cfcb3f2') in 0.010164 seconds
  Import took 0.026913 seconds .

========================================================================
Received Import Request.
  Time since last request: 0.001960 seconds.
  path: Packages/com.unity.2d.path/Editor/Shapes/IShape.cs
  artifactKey: Guid(5a73e62a38f3eed47b8b72483a21b750) Importer(815301076,1909f56bfc062723c751e8b465ee728b)
Start importing Packages/com.unity.2d.path/Editor/Shapes/IShape.cs using Guid(5a73e62a38f3eed47b8b72483a21b750) Importer(815301076,1909f56bfc062723c751e8b465ee728b)  -> (artifact id: '910ac488ed15f5a1fa0a747b7cfcb3f2') in 0.009184 seconds
  Import took 0.022197 seconds .

========================================================================
Received Import Request.
  Time since last request: 14.123497 seconds.
  path: Packages/com.unity.ext.nunit/package.json
  artifactKey: Guid(8143d3a8390f2c64685e3bc272bd9e90) Importer(815301076,1909f56bfc062723c751e8b465ee728b)
Start importing Packages/com.unity.ext.nunit/package.json using Guid(8143d3a8390f2c64685e3bc272bd9e90) Importer(815301076,1909f56bfc062723c751e8b465ee728b)  -> (artifact id: '36f449bd9ed4a92e06d659da724da745') in 0.004878 seconds
  Import took 0.009824 seconds .

========================================================================
Received Import Request.
  Time since last request: 1.430865 seconds.
  path: Packages/com.unity.mathematics/package.json
  artifactKey: Guid(d34d0af25c21141a98c0cf3c0066444f) Importer(815301076,1909f56bfc062723c751e8b465ee728b)
Start importing Packages/com.unity.mathematics/package.json using Guid(d34d0af25c21141a98c0cf3c0066444f) Importer(815301076,1909f56bfc062723c751e8b465ee728b)  -> (artifact id: '421048e766e0d8e0b608a2d58a809366') in 0.006932 seconds
  Import took 0.010971 seconds .

========================================================================
Received Import Request.
  Time since last request: 1.657269 seconds.
  path: Packages/com.unity.test-framework/package.json
  artifactKey: Guid(d6a2e6e4803de7b43baacdc355fc144d) Importer(815301076,1909f56bfc062723c751e8b465ee728b)
Start importing Packages/com.unity.test-framework/package.json using Guid(d6a2e6e4803de7b43baacdc355fc144d) Importer(815301076,1909f56bfc062723c751e8b465ee728b)  -> (artifact id: 'ceca15118ea03e7ba9b0a601798f3381') in 0.005968 seconds
  Import took 0.009989 seconds .

========================================================================
Received Import Request.
  Time since last request: 0.654882 seconds.
  path: Packages/com.unity.textmeshpro/package.json
  artifactKey: Guid(220e9325710f4235a43492dd1ee4980d) Importer(815301076,1909f56bfc062723c751e8b465ee728b)
Start importing Packages/com.unity.textmeshpro/package.json using Guid(220e9325710f4235a43492dd1ee4980d) Importer(815301076,1909f56bfc062723c751e8b465ee728b)  -> (artifact id: '7956edadd329e152ee0c9d4077ab410d') in 0.005130 seconds
  Import took 0.010186 seconds .

========================================================================
Received Import Request.
  Time since last request: 0.607764 seconds.
  path: Packages/com.unity.timeline/package.json
  artifactKey: Guid(13a9c1b4df2e489e8eb9cacca7429596) Importer(815301076,1909f56bfc062723c751e8b465ee728b)
Start importing Packages/com.unity.timeline/package.json using Guid(13a9c1b4df2e489e8eb9cacca7429596) Importer(815301076,1909f56bfc062723c751e8b465ee728b)  -> (artifact id: 'c30d81273250fe831fdab6aece846236') in 0.009409 seconds
  Import took 0.021053 seconds .

========================================================================
Received Import Request.
  Time since last request: 0.401131 seconds.
  path: Packages/com.unity.collab-proxy/package.json
  artifactKey: Guid(743fda8c4b219c8429fb5a77ede1c879) Importer(815301076,1909f56bfc062723c751e8b465ee728b)
Start importing Packages/com.unity.collab-proxy/package.json using Guid(743fda8c4b219c8429fb5a77ede1c879) Importer(815301076,1909f56bfc062723c751e8b465ee728b)  -> (artifact id: '322010012812c50196336d4f06c1345d') in 0.004699 seconds
  Import took 0.009169 seconds .

========================================================================
Received Import Request.
  Time since last request: 0.382439 seconds.
  path: Packages/com.unity.ugui/package.json
  artifactKey: Guid(319b8889f363f5947acf209c17a94149) Importer(815301076,1909f56bfc062723c751e8b465ee728b)
Start importing Packages/com.unity.ugui/package.json using Guid(319b8889f363f5947acf209c17a94149) Importer(815301076,1909f56bfc062723c751e8b465ee728b)  -> (artifact id: '39d1f12f0f4420a8b9dea50868bbb5d0') in 0.004701 seconds
  Import took 0.008511 seconds .

========================================================================
Received Import Request.
  Time since last request: 1.350128 seconds.
  path: Packages/com.unity.ide.visualstudio/package.json
  artifactKey: Guid(656f74f6edaa396458412b9e3903d8cd) Importer(815301076,1909f56bfc062723c751e8b465ee728b)
Start importing Packages/com.unity.ide.visualstudio/package.json using Guid(656f74f6edaa396458412b9e3903d8cd) Importer(815301076,1909f56bfc062723c751e8b465ee728b)  -> (artifact id: '54a8285492c35d162ebf8cae5b2c2250') in 0.004684 seconds
  Import took 0.008975 seconds .

========================================================================
Received Import Request.
  Time since last request: 0.559364 seconds.
  path: Packages/com.unity.ide.vscode/package.json
  artifactKey: Guid(ffc6271f08270b64ca0aae9c49235d81) Importer(815301076,1909f56bfc062723c751e8b465ee728b)
Start importing Packages/com.unity.ide.vscode/package.json using Guid(ffc6271f08270b64ca0aae9c49235d81) Importer(815301076,1909f56bfc062723c751e8b465ee728b)  -> (artifact id: '121f7f00aee585d875a77b1339ac65f1') in 0.005113 seconds
  Import took 0.009522 seconds .

AssetImportWorkerClient::OnTransportError - code=2 error=End of file
